c:\users\hsh6679\source\repos\lsgdengine\lsgdengine\simplegame\debug\vc141.pdb
c:\users\hsh6679\source\repos\lsgdengine\lsgdengine\simplegame\debug\.netframework,version=v4.0.assemblyattributes.obj
c:\users\hsh6679\source\repos\lsgdengine\lsgdengine\simplegame\debug\.netframework,version=v4.0.assemblyattributes.asm
c:\users\hsh6679\source\repos\lsgdengine\lsgdengine\simplegame\debug\simplegame.pch
c:\users\hsh6679\source\repos\lsgdengine\lsgdengine\simplegame\debug\hsimplegamepch.obj
c:\users\hsh6679\source\repos\lsgdengine\lsgdengine\simplegame\debug\simplegame.vcxprojassemblyreference.cache
c:\users\hsh6679\source\repos\lsgdengine\lsgdengine\simplegame\debug\vc141.idb
c:\users\hsh6679\source\repos\lsgdengine\lsgdengine\debug\simplegame.pdb
c:\users\hsh6679\source\repos\lsgdengine\lsgdengine\simplegame\debug\simplegame.tlog\cl.command.1.tlog
c:\users\hsh6679\source\repos\lsgdengine\lsgdengine\simplegame\debug\simplegame.tlog\cl.read.1.tlog
c:\users\hsh6679\source\repos\lsgdengine\lsgdengine\simplegame\debug\simplegame.tlog\cl.write.1.tlog
c:\users\hsh6679\source\repos\lsgdengine\lsgdengine\simplegame\debug\simplegame.tlog\link-cvtres.read.1.tlog
c:\users\hsh6679\source\repos\lsgdengine\lsgdengine\simplegame\debug\simplegame.tlog\link-cvtres.write.1.tlog
c:\users\hsh6679\source\repos\lsgdengine\lsgdengine\simplegame\debug\simplegame.tlog\link-rc.read.1.tlog
c:\users\hsh6679\source\repos\lsgdengine\lsgdengine\simplegame\debug\simplegame.tlog\link-rc.write.1.tlog
c:\users\hsh6679\source\repos\lsgdengine\lsgdengine\simplegame\debug\simplegame.tlog\link.12860-cvtres.read.1.tlog
c:\users\hsh6679\source\repos\lsgdengine\lsgdengine\simplegame\debug\simplegame.tlog\link.12860-cvtres.write.1.tlog
c:\users\hsh6679\source\repos\lsgdengine\lsgdengine\simplegame\debug\simplegame.tlog\link.12860-rc.read.1.tlog
c:\users\hsh6679\source\repos\lsgdengine\lsgdengine\simplegame\debug\simplegame.tlog\link.12860-rc.write.1.tlog
c:\users\hsh6679\source\repos\lsgdengine\lsgdengine\simplegame\debug\simplegame.tlog\link.12860.read.1.tlog
c:\users\hsh6679\source\repos\lsgdengine\lsgdengine\simplegame\debug\simplegame.tlog\link.12860.write.1.tlog
c:\users\hsh6679\source\repos\lsgdengine\lsgdengine\simplegame\debug\simplegame.tlog\link.14272-cvtres.read.1.tlog
c:\users\hsh6679\source\repos\lsgdengine\lsgdengine\simplegame\debug\simplegame.tlog\link.14272-cvtres.write.1.tlog
c:\users\hsh6679\source\repos\lsgdengine\lsgdengine\simplegame\debug\simplegame.tlog\link.14272-rc.read.1.tlog
c:\users\hsh6679\source\repos\lsgdengine\lsgdengine\simplegame\debug\simplegame.tlog\link.14272-rc.write.1.tlog
c:\users\hsh6679\source\repos\lsgdengine\lsgdengine\simplegame\debug\simplegame.tlog\link.14272.read.1.tlog
c:\users\hsh6679\source\repos\lsgdengine\lsgdengine\simplegame\debug\simplegame.tlog\link.14272.write.1.tlog
c:\users\hsh6679\source\repos\lsgdengine\lsgdengine\simplegame\debug\simplegame.tlog\link.18868-cvtres.read.1.tlog
c:\users\hsh6679\source\repos\lsgdengine\lsgdengine\simplegame\debug\simplegame.tlog\link.18868-cvtres.write.1.tlog
c:\users\hsh6679\source\repos\lsgdengine\lsgdengine\simplegame\debug\simplegame.tlog\link.18868-rc.read.1.tlog
c:\users\hsh6679\source\repos\lsgdengine\lsgdengine\simplegame\debug\simplegame.tlog\link.18868-rc.write.1.tlog
c:\users\hsh6679\source\repos\lsgdengine\lsgdengine\simplegame\debug\simplegame.tlog\link.18868.read.1.tlog
c:\users\hsh6679\source\repos\lsgdengine\lsgdengine\simplegame\debug\simplegame.tlog\link.18868.write.1.tlog
c:\users\hsh6679\source\repos\lsgdengine\lsgdengine\simplegame\debug\simplegame.tlog\link.19280-cvtres.read.1.tlog
c:\users\hsh6679\source\repos\lsgdengine\lsgdengine\simplegame\debug\simplegame.tlog\link.19280-cvtres.write.1.tlog
c:\users\hsh6679\source\repos\lsgdengine\lsgdengine\simplegame\debug\simplegame.tlog\link.19280-rc.read.1.tlog
c:\users\hsh6679\source\repos\lsgdengine\lsgdengine\simplegame\debug\simplegame.tlog\link.19280-rc.write.1.tlog
c:\users\hsh6679\source\repos\lsgdengine\lsgdengine\simplegame\debug\simplegame.tlog\link.19280.read.1.tlog
c:\users\hsh6679\source\repos\lsgdengine\lsgdengine\simplegame\debug\simplegame.tlog\link.19280.write.1.tlog
c:\users\hsh6679\source\repos\lsgdengine\lsgdengine\simplegame\debug\simplegame.tlog\link.23432-cvtres.read.1.tlog
c:\users\hsh6679\source\repos\lsgdengine\lsgdengine\simplegame\debug\simplegame.tlog\link.23432-cvtres.write.1.tlog
c:\users\hsh6679\source\repos\lsgdengine\lsgdengine\simplegame\debug\simplegame.tlog\link.23432-rc.read.1.tlog
c:\users\hsh6679\source\repos\lsgdengine\lsgdengine\simplegame\debug\simplegame.tlog\link.23432-rc.write.1.tlog
c:\users\hsh6679\source\repos\lsgdengine\lsgdengine\simplegame\debug\simplegame.tlog\link.23432.read.1.tlog
c:\users\hsh6679\source\repos\lsgdengine\lsgdengine\simplegame\debug\simplegame.tlog\link.23432.write.1.tlog
c:\users\hsh6679\source\repos\lsgdengine\lsgdengine\simplegame\debug\simplegame.tlog\link.24308-cvtres.read.1.tlog
c:\users\hsh6679\source\repos\lsgdengine\lsgdengine\simplegame\debug\simplegame.tlog\link.24308-cvtres.write.1.tlog
c:\users\hsh6679\source\repos\lsgdengine\lsgdengine\simplegame\debug\simplegame.tlog\link.24308-rc.read.1.tlog
c:\users\hsh6679\source\repos\lsgdengine\lsgdengine\simplegame\debug\simplegame.tlog\link.24308-rc.write.1.tlog
c:\users\hsh6679\source\repos\lsgdengine\lsgdengine\simplegame\debug\simplegame.tlog\link.24308.read.1.tlog
c:\users\hsh6679\source\repos\lsgdengine\lsgdengine\simplegame\debug\simplegame.tlog\link.24308.write.1.tlog
c:\users\hsh6679\source\repos\lsgdengine\lsgdengine\simplegame\debug\simplegame.tlog\link.25132-cvtres.read.1.tlog
c:\users\hsh6679\source\repos\lsgdengine\lsgdengine\simplegame\debug\simplegame.tlog\link.25132-cvtres.write.1.tlog
c:\users\hsh6679\source\repos\lsgdengine\lsgdengine\simplegame\debug\simplegame.tlog\link.25132-rc.read.1.tlog
c:\users\hsh6679\source\repos\lsgdengine\lsgdengine\simplegame\debug\simplegame.tlog\link.25132-rc.write.1.tlog
c:\users\hsh6679\source\repos\lsgdengine\lsgdengine\simplegame\debug\simplegame.tlog\link.25132.read.1.tlog
c:\users\hsh6679\source\repos\lsgdengine\lsgdengine\simplegame\debug\simplegame.tlog\link.25132.write.1.tlog
c:\users\hsh6679\source\repos\lsgdengine\lsgdengine\simplegame\debug\simplegame.tlog\link.25528-cvtres.read.1.tlog
c:\users\hsh6679\source\repos\lsgdengine\lsgdengine\simplegame\debug\simplegame.tlog\link.25528-cvtres.write.1.tlog
c:\users\hsh6679\source\repos\lsgdengine\lsgdengine\simplegame\debug\simplegame.tlog\link.25528-rc.read.1.tlog
c:\users\hsh6679\source\repos\lsgdengine\lsgdengine\simplegame\debug\simplegame.tlog\link.25528-rc.write.1.tlog
c:\users\hsh6679\source\repos\lsgdengine\lsgdengine\simplegame\debug\simplegame.tlog\link.25528.read.1.tlog
c:\users\hsh6679\source\repos\lsgdengine\lsgdengine\simplegame\debug\simplegame.tlog\link.25528.write.1.tlog
c:\users\hsh6679\source\repos\lsgdengine\lsgdengine\simplegame\debug\simplegame.tlog\link.25704-cvtres.read.1.tlog
c:\users\hsh6679\source\repos\lsgdengine\lsgdengine\simplegame\debug\simplegame.tlog\link.25704-cvtres.write.1.tlog
c:\users\hsh6679\source\repos\lsgdengine\lsgdengine\simplegame\debug\simplegame.tlog\link.25704-rc.read.1.tlog
c:\users\hsh6679\source\repos\lsgdengine\lsgdengine\simplegame\debug\simplegame.tlog\link.25704-rc.write.1.tlog
c:\users\hsh6679\source\repos\lsgdengine\lsgdengine\simplegame\debug\simplegame.tlog\link.25704.read.1.tlog
c:\users\hsh6679\source\repos\lsgdengine\lsgdengine\simplegame\debug\simplegame.tlog\link.25704.write.1.tlog
c:\users\hsh6679\source\repos\lsgdengine\lsgdengine\simplegame\debug\simplegame.tlog\link.25872-cvtres.read.1.tlog
c:\users\hsh6679\source\repos\lsgdengine\lsgdengine\simplegame\debug\simplegame.tlog\link.25872-cvtres.write.1.tlog
c:\users\hsh6679\source\repos\lsgdengine\lsgdengine\simplegame\debug\simplegame.tlog\link.25872-rc.read.1.tlog
c:\users\hsh6679\source\repos\lsgdengine\lsgdengine\simplegame\debug\simplegame.tlog\link.25872-rc.write.1.tlog
c:\users\hsh6679\source\repos\lsgdengine\lsgdengine\simplegame\debug\simplegame.tlog\link.25872.read.1.tlog
c:\users\hsh6679\source\repos\lsgdengine\lsgdengine\simplegame\debug\simplegame.tlog\link.25872.write.1.tlog
c:\users\hsh6679\source\repos\lsgdengine\lsgdengine\simplegame\debug\simplegame.tlog\link.28000-cvtres.read.1.tlog
c:\users\hsh6679\source\repos\lsgdengine\lsgdengine\simplegame\debug\simplegame.tlog\link.28000-cvtres.write.1.tlog
c:\users\hsh6679\source\repos\lsgdengine\lsgdengine\simplegame\debug\simplegame.tlog\link.28000-rc.read.1.tlog
c:\users\hsh6679\source\repos\lsgdengine\lsgdengine\simplegame\debug\simplegame.tlog\link.28000-rc.write.1.tlog
c:\users\hsh6679\source\repos\lsgdengine\lsgdengine\simplegame\debug\simplegame.tlog\link.28000.read.1.tlog
c:\users\hsh6679\source\repos\lsgdengine\lsgdengine\simplegame\debug\simplegame.tlog\link.28000.write.1.tlog
c:\users\hsh6679\source\repos\lsgdengine\lsgdengine\simplegame\debug\simplegame.tlog\link.31756-cvtres.read.1.tlog
c:\users\hsh6679\source\repos\lsgdengine\lsgdengine\simplegame\debug\simplegame.tlog\link.31756-cvtres.write.1.tlog
c:\users\hsh6679\source\repos\lsgdengine\lsgdengine\simplegame\debug\simplegame.tlog\link.31756-rc.read.1.tlog
c:\users\hsh6679\source\repos\lsgdengine\lsgdengine\simplegame\debug\simplegame.tlog\link.31756-rc.write.1.tlog
c:\users\hsh6679\source\repos\lsgdengine\lsgdengine\simplegame\debug\simplegame.tlog\link.31756.read.1.tlog
c:\users\hsh6679\source\repos\lsgdengine\lsgdengine\simplegame\debug\simplegame.tlog\link.31756.write.1.tlog
c:\users\hsh6679\source\repos\lsgdengine\lsgdengine\simplegame\debug\simplegame.tlog\link.8104-cvtres.read.1.tlog
c:\users\hsh6679\source\repos\lsgdengine\lsgdengine\simplegame\debug\simplegame.tlog\link.8104-cvtres.write.1.tlog
c:\users\hsh6679\source\repos\lsgdengine\lsgdengine\simplegame\debug\simplegame.tlog\link.8104-rc.read.1.tlog
c:\users\hsh6679\source\repos\lsgdengine\lsgdengine\simplegame\debug\simplegame.tlog\link.8104-rc.write.1.tlog
c:\users\hsh6679\source\repos\lsgdengine\lsgdengine\simplegame\debug\simplegame.tlog\link.8104.read.1.tlog
c:\users\hsh6679\source\repos\lsgdengine\lsgdengine\simplegame\debug\simplegame.tlog\link.8104.write.1.tlog
c:\users\hsh6679\source\repos\lsgdengine\lsgdengine\simplegame\debug\simplegame.tlog\link.command.1.tlog
c:\users\hsh6679\source\repos\lsgdengine\lsgdengine\simplegame\debug\simplegame.tlog\link.read.1.tlog
c:\users\hsh6679\source\repos\lsgdengine\lsgdengine\simplegame\debug\simplegame.tlog\link.write.1.tlog
c:\users\hsh6679\source\repos\lsgdengine\lsgdengine\simplegame\debug\simplegame.tlog\metagen.read.1.tlog
c:\users\hsh6679\source\repos\lsgdengine\lsgdengine\simplegame\debug\simplegame.tlog\metagen.write.1.tlog
c:\users\hsh6679\source\repos\lsgdengine\lsgdengine\simplegame\debug\simplegame.tlog\tzres.dll.bi
