  HActor.cpp
c:\users\tkdgu\source\repos\tkdgur4427\lsgdengine\lsgdengine\core\hnewdeleteoverride.h(7): warning C5043: 'operator new': exception specification does not match previous declaration
  c:\program files (x86)\microsoft visual studio\2017\community\vc\tools\msvc\14.15.26726\include\vcruntime_new.h(71): note: see declaration of 'operator new'
c:\users\tkdgu\source\repos\tkdgur4427\lsgdengine\lsgdengine\core\hnewdeleteoverride.h(8): warning C5043: 'operator new[]': exception specification does not match previous declaration
  c:\program files (x86)\microsoft visual studio\2017\community\vc\tools\msvc\14.15.26726\include\vcruntime_new.h(82): note: see declaration of 'operator new[]'
c:\users\tkdgu\source\repos\tkdgur4427\lsgdengine\lsgdengine\core\hcstring.h(15): warning C4267: 'return': conversion from 'size_t' to 'uint32', possible loss of data
c:\users\tkdgu\source\repos\tkdgur4427\lsgdengine\lsgdengine\engine\hmath.h(3): fatal error C1083: Cannot open include file: 'SimpleMath.h': No such file or directory
  HActorComponent.cpp
c:\users\tkdgu\source\repos\tkdgur4427\lsgdengine\lsgdengine\core\hnewdeleteoverride.h(7): warning C5043: 'operator new': exception specification does not match previous declaration
  c:\program files (x86)\microsoft visual studio\2017\community\vc\tools\msvc\14.15.26726\include\vcruntime_new.h(71): note: see declaration of 'operator new'
c:\users\tkdgu\source\repos\tkdgur4427\lsgdengine\lsgdengine\core\hnewdeleteoverride.h(8): warning C5043: 'operator new[]': exception specification does not match previous declaration
  c:\program files (x86)\microsoft visual studio\2017\community\vc\tools\msvc\14.15.26726\include\vcruntime_new.h(82): note: see declaration of 'operator new[]'
c:\users\tkdgu\source\repos\tkdgur4427\lsgdengine\lsgdengine\core\hcstring.h(15): warning C4267: 'return': conversion from 'size_t' to 'uint32', possible loss of data
c:\users\tkdgu\source\repos\tkdgur4427\lsgdengine\lsgdengine\engine\hmath.h(3): fatal error C1083: Cannot open include file: 'SimpleMath.h': No such file or directory
  HBaseEngine.cpp
c:\users\tkdgu\source\repos\tkdgur4427\lsgdengine\lsgdengine\core\hnewdeleteoverride.h(7): warning C5043: 'operator new': exception specification does not match previous declaration
  c:\program files (x86)\microsoft visual studio\2017\community\vc\tools\msvc\14.15.26726\include\vcruntime_new.h(71): note: see declaration of 'operator new'
c:\users\tkdgu\source\repos\tkdgur4427\lsgdengine\lsgdengine\core\hnewdeleteoverride.h(8): warning C5043: 'operator new[]': exception specification does not match previous declaration
  c:\program files (x86)\microsoft visual studio\2017\community\vc\tools\msvc\14.15.26726\include\vcruntime_new.h(82): note: see declaration of 'operator new[]'
c:\users\tkdgu\source\repos\tkdgur4427\lsgdengine\lsgdengine\core\hcstring.h(15): warning C4267: 'return': conversion from 'size_t' to 'uint32', possible loss of data
c:\users\tkdgu\source\repos\tkdgur4427\lsgdengine\lsgdengine\engine\hmath.h(3): fatal error C1083: Cannot open include file: 'SimpleMath.h': No such file or directory
  HCameraActor.cpp
c:\users\tkdgu\source\repos\tkdgur4427\lsgdengine\lsgdengine\core\hnewdeleteoverride.h(7): warning C5043: 'operator new': exception specification does not match previous declaration
  c:\program files (x86)\microsoft visual studio\2017\community\vc\tools\msvc\14.15.26726\include\vcruntime_new.h(71): note: see declaration of 'operator new'
c:\users\tkdgu\source\repos\tkdgur4427\lsgdengine\lsgdengine\core\hnewdeleteoverride.h(8): warning C5043: 'operator new[]': exception specification does not match previous declaration
  c:\program files (x86)\microsoft visual studio\2017\community\vc\tools\msvc\14.15.26726\include\vcruntime_new.h(82): note: see declaration of 'operator new[]'
c:\users\tkdgu\source\repos\tkdgur4427\lsgdengine\lsgdengine\core\hcstring.h(15): warning C4267: 'return': conversion from 'size_t' to 'uint32', possible loss of data
c:\users\tkdgu\source\repos\tkdgur4427\lsgdengine\lsgdengine\engine\hmath.h(3): fatal error C1083: Cannot open include file: 'SimpleMath.h': No such file or directory
  HCameraComponent.cpp
c:\users\tkdgu\source\repos\tkdgur4427\lsgdengine\lsgdengine\core\hnewdeleteoverride.h(7): warning C5043: 'operator new': exception specification does not match previous declaration
  c:\program files (x86)\microsoft visual studio\2017\community\vc\tools\msvc\14.15.26726\include\vcruntime_new.h(71): note: see declaration of 'operator new'
c:\users\tkdgu\source\repos\tkdgur4427\lsgdengine\lsgdengine\core\hnewdeleteoverride.h(8): warning C5043: 'operator new[]': exception specification does not match previous declaration
  c:\program files (x86)\microsoft visual studio\2017\community\vc\tools\msvc\14.15.26726\include\vcruntime_new.h(82): note: see declaration of 'operator new[]'
c:\users\tkdgu\source\repos\tkdgur4427\lsgdengine\lsgdengine\core\hcstring.h(15): warning C4267: 'return': conversion from 'size_t' to 'uint32', possible loss of data
c:\users\tkdgu\source\repos\tkdgur4427\lsgdengine\lsgdengine\engine\hmath.h(3): fatal error C1083: Cannot open include file: 'SimpleMath.h': No such file or directory
  HCharacter.cpp
c:\users\tkdgu\source\repos\tkdgur4427\lsgdengine\lsgdengine\core\hnewdeleteoverride.h(7): warning C5043: 'operator new': exception specification does not match previous declaration
  c:\program files (x86)\microsoft visual studio\2017\community\vc\tools\msvc\14.15.26726\include\vcruntime_new.h(71): note: see declaration of 'operator new'
c:\users\tkdgu\source\repos\tkdgur4427\lsgdengine\lsgdengine\core\hnewdeleteoverride.h(8): warning C5043: 'operator new[]': exception specification does not match previous declaration
  c:\program files (x86)\microsoft visual studio\2017\community\vc\tools\msvc\14.15.26726\include\vcruntime_new.h(82): note: see declaration of 'operator new[]'
c:\users\tkdgu\source\repos\tkdgur4427\lsgdengine\lsgdengine\core\hcstring.h(15): warning C4267: 'return': conversion from 'size_t' to 'uint32', possible loss of data
c:\users\tkdgu\source\repos\tkdgur4427\lsgdengine\lsgdengine\engine\hmath.h(3): fatal error C1083: Cannot open include file: 'SimpleMath.h': No such file or directory
  HController.cpp
c:\users\tkdgu\source\repos\tkdgur4427\lsgdengine\lsgdengine\core\hnewdeleteoverride.h(7): warning C5043: 'operator new': exception specification does not match previous declaration
  c:\program files (x86)\microsoft visual studio\2017\community\vc\tools\msvc\14.15.26726\include\vcruntime_new.h(71): note: see declaration of 'operator new'
c:\users\tkdgu\source\repos\tkdgur4427\lsgdengine\lsgdengine\core\hnewdeleteoverride.h(8): warning C5043: 'operator new[]': exception specification does not match previous declaration
  c:\program files (x86)\microsoft visual studio\2017\community\vc\tools\msvc\14.15.26726\include\vcruntime_new.h(82): note: see declaration of 'operator new[]'
c:\users\tkdgu\source\repos\tkdgur4427\lsgdengine\lsgdengine\core\hcstring.h(15): warning C4267: 'return': conversion from 'size_t' to 'uint32', possible loss of data
c:\users\tkdgu\source\repos\tkdgur4427\lsgdengine\lsgdengine\engine\hmath.h(3): fatal error C1083: Cannot open include file: 'SimpleMath.h': No such file or directory
  HDeferredCleanupInterface.cpp
c:\users\tkdgu\source\repos\tkdgur4427\lsgdengine\lsgdengine\core\hnewdeleteoverride.h(7): warning C5043: 'operator new': exception specification does not match previous declaration
  c:\program files (x86)\microsoft visual studio\2017\community\vc\tools\msvc\14.15.26726\include\vcruntime_new.h(71): note: see declaration of 'operator new'
c:\users\tkdgu\source\repos\tkdgur4427\lsgdengine\lsgdengine\core\hnewdeleteoverride.h(8): warning C5043: 'operator new[]': exception specification does not match previous declaration
  c:\program files (x86)\microsoft visual studio\2017\community\vc\tools\msvc\14.15.26726\include\vcruntime_new.h(82): note: see declaration of 'operator new[]'
c:\users\tkdgu\source\repos\tkdgur4427\lsgdengine\lsgdengine\core\hcstring.h(15): warning C4267: 'return': conversion from 'size_t' to 'uint32', possible loss of data
c:\users\tkdgu\source\repos\tkdgur4427\lsgdengine\lsgdengine\engine\hmath.h(3): fatal error C1083: Cannot open include file: 'SimpleMath.h': No such file or directory
  HDXMath.cpp
c:\users\tkdgu\source\repos\tkdgur4427\lsgdengine\lsgdengine\core\hnewdeleteoverride.h(7): warning C5043: 'operator new': exception specification does not match previous declaration
  c:\program files (x86)\microsoft visual studio\2017\community\vc\tools\msvc\14.15.26726\include\vcruntime_new.h(71): note: see declaration of 'operator new'
c:\users\tkdgu\source\repos\tkdgur4427\lsgdengine\lsgdengine\core\hnewdeleteoverride.h(8): warning C5043: 'operator new[]': exception specification does not match previous declaration
  c:\program files (x86)\microsoft visual studio\2017\community\vc\tools\msvc\14.15.26726\include\vcruntime_new.h(82): note: see declaration of 'operator new[]'
c:\users\tkdgu\source\repos\tkdgur4427\lsgdengine\lsgdengine\core\hcstring.h(15): warning C4267: 'return': conversion from 'size_t' to 'uint32', possible loss of data
c:\users\tkdgu\source\repos\tkdgur4427\lsgdengine\lsgdengine\engine\hmath.h(3): fatal error C1083: Cannot open include file: 'SimpleMath.h': No such file or directory
  HDynamicRHI.cpp
c:\users\tkdgu\source\repos\tkdgur4427\lsgdengine\lsgdengine\core\hnewdeleteoverride.h(7): warning C5043: 'operator new': exception specification does not match previous declaration
  c:\program files (x86)\microsoft visual studio\2017\community\vc\tools\msvc\14.15.26726\include\vcruntime_new.h(71): note: see declaration of 'operator new'
c:\users\tkdgu\source\repos\tkdgur4427\lsgdengine\lsgdengine\core\hnewdeleteoverride.h(8): warning C5043: 'operator new[]': exception specification does not match previous declaration
  c:\program files (x86)\microsoft visual studio\2017\community\vc\tools\msvc\14.15.26726\include\vcruntime_new.h(82): note: see declaration of 'operator new[]'
c:\users\tkdgu\source\repos\tkdgur4427\lsgdengine\lsgdengine\core\hcstring.h(15): warning C4267: 'return': conversion from 'size_t' to 'uint32', possible loss of data
c:\users\tkdgu\source\repos\tkdgur4427\lsgdengine\lsgdengine\engine\hmath.h(3): fatal error C1083: Cannot open include file: 'SimpleMath.h': No such file or directory
  HDynamicRHIDirectX12.cpp
c:\users\tkdgu\source\repos\tkdgur4427\lsgdengine\lsgdengine\core\hnewdeleteoverride.h(7): warning C5043: 'operator new': exception specification does not match previous declaration
  c:\program files (x86)\microsoft visual studio\2017\community\vc\tools\msvc\14.15.26726\include\vcruntime_new.h(71): note: see declaration of 'operator new'
c:\users\tkdgu\source\repos\tkdgur4427\lsgdengine\lsgdengine\core\hnewdeleteoverride.h(8): warning C5043: 'operator new[]': exception specification does not match previous declaration
  c:\program files (x86)\microsoft visual studio\2017\community\vc\tools\msvc\14.15.26726\include\vcruntime_new.h(82): note: see declaration of 'operator new[]'
c:\users\tkdgu\source\repos\tkdgur4427\lsgdengine\lsgdengine\core\hcstring.h(15): warning C4267: 'return': conversion from 'size_t' to 'uint32', possible loss of data
c:\users\tkdgu\source\repos\tkdgur4427\lsgdengine\lsgdengine\engine\hmath.h(3): fatal error C1083: Cannot open include file: 'SimpleMath.h': No such file or directory
  HEditorEngine.cpp
c:\users\tkdgu\source\repos\tkdgur4427\lsgdengine\lsgdengine\core\hnewdeleteoverride.h(7): warning C5043: 'operator new': exception specification does not match previous declaration
  c:\program files (x86)\microsoft visual studio\2017\community\vc\tools\msvc\14.15.26726\include\vcruntime_new.h(71): note: see declaration of 'operator new'
c:\users\tkdgu\source\repos\tkdgur4427\lsgdengine\lsgdengine\core\hnewdeleteoverride.h(8): warning C5043: 'operator new[]': exception specification does not match previous declaration
  c:\program files (x86)\microsoft visual studio\2017\community\vc\tools\msvc\14.15.26726\include\vcruntime_new.h(82): note: see declaration of 'operator new[]'
c:\users\tkdgu\source\repos\tkdgur4427\lsgdengine\lsgdengine\core\hcstring.h(15): warning C4267: 'return': conversion from 'size_t' to 'uint32', possible loss of data
c:\users\tkdgu\source\repos\tkdgur4427\lsgdengine\lsgdengine\engine\hmath.h(3): fatal error C1083: Cannot open include file: 'SimpleMath.h': No such file or directory
  HEngineLoop.cpp
c:\users\tkdgu\source\repos\tkdgur4427\lsgdengine\lsgdengine\core\hnewdeleteoverride.h(7): warning C5043: 'operator new': exception specification does not match previous declaration
  c:\program files (x86)\microsoft visual studio\2017\community\vc\tools\msvc\14.15.26726\include\vcruntime_new.h(71): note: see declaration of 'operator new'
c:\users\tkdgu\source\repos\tkdgur4427\lsgdengine\lsgdengine\core\hnewdeleteoverride.h(8): warning C5043: 'operator new[]': exception specification does not match previous declaration
  c:\program files (x86)\microsoft visual studio\2017\community\vc\tools\msvc\14.15.26726\include\vcruntime_new.h(82): note: see declaration of 'operator new[]'
c:\users\tkdgu\source\repos\tkdgur4427\lsgdengine\lsgdengine\core\hcstring.h(15): warning C4267: 'return': conversion from 'size_t' to 'uint32', possible loss of data
c:\users\tkdgu\source\repos\tkdgur4427\lsgdengine\lsgdengine\engine\hmath.h(3): fatal error C1083: Cannot open include file: 'SimpleMath.h': No such file or directory
  HEnginePCH.cpp
c:\users\tkdgu\source\repos\tkdgur4427\lsgdengine\lsgdengine\core\hnewdeleteoverride.h(7): warning C5043: 'operator new': exception specification does not match previous declaration
  c:\program files (x86)\microsoft visual studio\2017\community\vc\tools\msvc\14.15.26726\include\vcruntime_new.h(71): note: see declaration of 'operator new'
c:\users\tkdgu\source\repos\tkdgur4427\lsgdengine\lsgdengine\core\hnewdeleteoverride.h(8): warning C5043: 'operator new[]': exception specification does not match previous declaration
  c:\program files (x86)\microsoft visual studio\2017\community\vc\tools\msvc\14.15.26726\include\vcruntime_new.h(82): note: see declaration of 'operator new[]'
c:\users\tkdgu\source\repos\tkdgur4427\lsgdengine\lsgdengine\core\hcstring.h(15): warning C4267: 'return': conversion from 'size_t' to 'uint32', possible loss of data
c:\users\tkdgu\source\repos\tkdgur4427\lsgdengine\lsgdengine\engine\hmath.h(3): fatal error C1083: Cannot open include file: 'SimpleMath.h': No such file or directory
  HGameInstance.cpp
c:\users\tkdgu\source\repos\tkdgur4427\lsgdengine\lsgdengine\core\hnewdeleteoverride.h(7): warning C5043: 'operator new': exception specification does not match previous declaration
  c:\program files (x86)\microsoft visual studio\2017\community\vc\tools\msvc\14.15.26726\include\vcruntime_new.h(71): note: see declaration of 'operator new'
c:\users\tkdgu\source\repos\tkdgur4427\lsgdengine\lsgdengine\core\hnewdeleteoverride.h(8): warning C5043: 'operator new[]': exception specification does not match previous declaration
  c:\program files (x86)\microsoft visual studio\2017\community\vc\tools\msvc\14.15.26726\include\vcruntime_new.h(82): note: see declaration of 'operator new[]'
c:\users\tkdgu\source\repos\tkdgur4427\lsgdengine\lsgdengine\core\hcstring.h(15): warning C4267: 'return': conversion from 'size_t' to 'uint32', possible loss of data
c:\users\tkdgu\source\repos\tkdgur4427\lsgdengine\lsgdengine\engine\hmath.h(3): fatal error C1083: Cannot open include file: 'SimpleMath.h': No such file or directory
  HGlobalShader.cpp
c:\users\tkdgu\source\repos\tkdgur4427\lsgdengine\lsgdengine\core\hnewdeleteoverride.h(7): warning C5043: 'operator new': exception specification does not match previous declaration
  c:\program files (x86)\microsoft visual studio\2017\community\vc\tools\msvc\14.15.26726\include\vcruntime_new.h(71): note: see declaration of 'operator new'
c:\users\tkdgu\source\repos\tkdgur4427\lsgdengine\lsgdengine\core\hnewdeleteoverride.h(8): warning C5043: 'operator new[]': exception specification does not match previous declaration
  c:\program files (x86)\microsoft visual studio\2017\community\vc\tools\msvc\14.15.26726\include\vcruntime_new.h(82): note: see declaration of 'operator new[]'
c:\users\tkdgu\source\repos\tkdgur4427\lsgdengine\lsgdengine\core\hcstring.h(15): warning C4267: 'return': conversion from 'size_t' to 'uint32', possible loss of data
c:\users\tkdgu\source\repos\tkdgur4427\lsgdengine\lsgdengine\engine\hmath.h(3): fatal error C1083: Cannot open include file: 'SimpleMath.h': No such file or directory
  HGlobalShaderTypeCompiler.cpp
c:\users\tkdgu\source\repos\tkdgur4427\lsgdengine\lsgdengine\core\hnewdeleteoverride.h(7): warning C5043: 'operator new': exception specification does not match previous declaration
  c:\program files (x86)\microsoft visual studio\2017\community\vc\tools\msvc\14.15.26726\include\vcruntime_new.h(71): note: see declaration of 'operator new'
c:\users\tkdgu\source\repos\tkdgur4427\lsgdengine\lsgdengine\core\hnewdeleteoverride.h(8): warning C5043: 'operator new[]': exception specification does not match previous declaration
  c:\program files (x86)\microsoft visual studio\2017\community\vc\tools\msvc\14.15.26726\include\vcruntime_new.h(82): note: see declaration of 'operator new[]'
c:\users\tkdgu\source\repos\tkdgur4427\lsgdengine\lsgdengine\core\hcstring.h(15): warning C4267: 'return': conversion from 'size_t' to 'uint32', possible loss of data
c:\users\tkdgu\source\repos\tkdgur4427\lsgdengine\lsgdengine\engine\hmath.h(3): fatal error C1083: Cannot open include file: 'SimpleMath.h': No such file or directory
  HHUD.cpp
c:\users\tkdgu\source\repos\tkdgur4427\lsgdengine\lsgdengine\core\hnewdeleteoverride.h(7): warning C5043: 'operator new': exception specification does not match previous declaration
  c:\program files (x86)\microsoft visual studio\2017\community\vc\tools\msvc\14.15.26726\include\vcruntime_new.h(71): note: see declaration of 'operator new'
c:\users\tkdgu\source\repos\tkdgur4427\lsgdengine\lsgdengine\core\hnewdeleteoverride.h(8): warning C5043: 'operator new[]': exception specification does not match previous declaration
  c:\program files (x86)\microsoft visual studio\2017\community\vc\tools\msvc\14.15.26726\include\vcruntime_new.h(82): note: see declaration of 'operator new[]'
c:\users\tkdgu\source\repos\tkdgur4427\lsgdengine\lsgdengine\core\hcstring.h(15): warning C4267: 'return': conversion from 'size_t' to 'uint32', possible loss of data
c:\users\tkdgu\source\repos\tkdgur4427\lsgdengine\lsgdengine\engine\hmath.h(3): fatal error C1083: Cannot open include file: 'SimpleMath.h': No such file or directory
  HImGui.cpp
c:\users\tkdgu\source\repos\tkdgur4427\lsgdengine\lsgdengine\core\hnewdeleteoverride.h(7): warning C5043: 'operator new': exception specification does not match previous declaration
  c:\program files (x86)\microsoft visual studio\2017\community\vc\tools\msvc\14.15.26726\include\vcruntime_new.h(71): note: see declaration of 'operator new'
c:\users\tkdgu\source\repos\tkdgur4427\lsgdengine\lsgdengine\core\hnewdeleteoverride.h(8): warning C5043: 'operator new[]': exception specification does not match previous declaration
  c:\program files (x86)\microsoft visual studio\2017\community\vc\tools\msvc\14.15.26726\include\vcruntime_new.h(82): note: see declaration of 'operator new[]'
c:\users\tkdgu\source\repos\tkdgur4427\lsgdengine\lsgdengine\core\hcstring.h(15): warning C4267: 'return': conversion from 'size_t' to 'uint32', possible loss of data
c:\users\tkdgu\source\repos\tkdgur4427\lsgdengine\lsgdengine\engine\hmath.h(3): fatal error C1083: Cannot open include file: 'SimpleMath.h': No such file or directory
  HImGuiDevice.cpp
c:\users\tkdgu\source\repos\tkdgur4427\lsgdengine\lsgdengine\core\hnewdeleteoverride.h(7): warning C5043: 'operator new': exception specification does not match previous declaration
  c:\program files (x86)\microsoft visual studio\2017\community\vc\tools\msvc\14.15.26726\include\vcruntime_new.h(71): note: see declaration of 'operator new'
c:\users\tkdgu\source\repos\tkdgur4427\lsgdengine\lsgdengine\core\hnewdeleteoverride.h(8): warning C5043: 'operator new[]': exception specification does not match previous declaration
  c:\program files (x86)\microsoft visual studio\2017\community\vc\tools\msvc\14.15.26726\include\vcruntime_new.h(82): note: see declaration of 'operator new[]'
c:\users\tkdgu\source\repos\tkdgur4427\lsgdengine\lsgdengine\core\hcstring.h(15): warning C4267: 'return': conversion from 'size_t' to 'uint32', possible loss of data
c:\users\tkdgu\source\repos\tkdgur4427\lsgdengine\lsgdengine\engine\hmath.h(3): fatal error C1083: Cannot open include file: 'SimpleMath.h': No such file or directory
  Generating Code...
  Compiling...
  HImGuiPlatform.cpp
c:\users\tkdgu\source\repos\tkdgur4427\lsgdengine\lsgdengine\core\hnewdeleteoverride.h(7): warning C5043: 'operator new': exception specification does not match previous declaration
  c:\program files (x86)\microsoft visual studio\2017\community\vc\tools\msvc\14.15.26726\include\vcruntime_new.h(71): note: see declaration of 'operator new'
c:\users\tkdgu\source\repos\tkdgur4427\lsgdengine\lsgdengine\core\hnewdeleteoverride.h(8): warning C5043: 'operator new[]': exception specification does not match previous declaration
  c:\program files (x86)\microsoft visual studio\2017\community\vc\tools\msvc\14.15.26726\include\vcruntime_new.h(82): note: see declaration of 'operator new[]'
c:\users\tkdgu\source\repos\tkdgur4427\lsgdengine\lsgdengine\core\hcstring.h(15): warning C4267: 'return': conversion from 'size_t' to 'uint32', possible loss of data
c:\users\tkdgu\source\repos\tkdgur4427\lsgdengine\lsgdengine\engine\hmath.h(3): fatal error C1083: Cannot open include file: 'SimpleMath.h': No such file or directory
  HImGuiDeviceWindows.cpp
c:\users\tkdgu\source\repos\tkdgur4427\lsgdengine\lsgdengine\core\hnewdeleteoverride.h(7): warning C5043: 'operator new': exception specification does not match previous declaration
  c:\program files (x86)\microsoft visual studio\2017\community\vc\tools\msvc\14.15.26726\include\vcruntime_new.h(71): note: see declaration of 'operator new'
c:\users\tkdgu\source\repos\tkdgur4427\lsgdengine\lsgdengine\core\hnewdeleteoverride.h(8): warning C5043: 'operator new[]': exception specification does not match previous declaration
  c:\program files (x86)\microsoft visual studio\2017\community\vc\tools\msvc\14.15.26726\include\vcruntime_new.h(82): note: see declaration of 'operator new[]'
c:\users\tkdgu\source\repos\tkdgur4427\lsgdengine\lsgdengine\core\hcstring.h(15): warning C4267: 'return': conversion from 'size_t' to 'uint32', possible loss of data
c:\users\tkdgu\source\repos\tkdgur4427\lsgdengine\lsgdengine\engine\hmath.h(3): fatal error C1083: Cannot open include file: 'SimpleMath.h': No such file or directory
  HImGuiRenderDevice.cpp
c:\users\tkdgu\source\repos\tkdgur4427\lsgdengine\lsgdengine\core\hnewdeleteoverride.h(7): warning C5043: 'operator new': exception specification does not match previous declaration
  c:\program files (x86)\microsoft visual studio\2017\community\vc\tools\msvc\14.15.26726\include\vcruntime_new.h(71): note: see declaration of 'operator new'
c:\users\tkdgu\source\repos\tkdgur4427\lsgdengine\lsgdengine\core\hnewdeleteoverride.h(8): warning C5043: 'operator new[]': exception specification does not match previous declaration
  c:\program files (x86)\microsoft visual studio\2017\community\vc\tools\msvc\14.15.26726\include\vcruntime_new.h(82): note: see declaration of 'operator new[]'
c:\users\tkdgu\source\repos\tkdgur4427\lsgdengine\lsgdengine\core\hcstring.h(15): warning C4267: 'return': conversion from 'size_t' to 'uint32', possible loss of data
c:\users\tkdgu\source\repos\tkdgur4427\lsgdengine\lsgdengine\engine\hmath.h(3): fatal error C1083: Cannot open include file: 'SimpleMath.h': No such file or directory
  HImGuiShaders.cpp
c:\users\tkdgu\source\repos\tkdgur4427\lsgdengine\lsgdengine\core\hnewdeleteoverride.h(7): warning C5043: 'operator new': exception specification does not match previous declaration
  c:\program files (x86)\microsoft visual studio\2017\community\vc\tools\msvc\14.15.26726\include\vcruntime_new.h(71): note: see declaration of 'operator new'
c:\users\tkdgu\source\repos\tkdgur4427\lsgdengine\lsgdengine\core\hnewdeleteoverride.h(8): warning C5043: 'operator new[]': exception specification does not match previous declaration
  c:\program files (x86)\microsoft visual studio\2017\community\vc\tools\msvc\14.15.26726\include\vcruntime_new.h(82): note: see declaration of 'operator new[]'
c:\users\tkdgu\source\repos\tkdgur4427\lsgdengine\lsgdengine\core\hcstring.h(15): warning C4267: 'return': conversion from 'size_t' to 'uint32', possible loss of data
c:\users\tkdgu\source\repos\tkdgur4427\lsgdengine\lsgdengine\engine\hmath.h(3): fatal error C1083: Cannot open include file: 'SimpleMath.h': No such file or directory
  HLevel.cpp
c:\users\tkdgu\source\repos\tkdgur4427\lsgdengine\lsgdengine\core\hnewdeleteoverride.h(7): warning C5043: 'operator new': exception specification does not match previous declaration
  c:\program files (x86)\microsoft visual studio\2017\community\vc\tools\msvc\14.15.26726\include\vcruntime_new.h(71): note: see declaration of 'operator new'
c:\users\tkdgu\source\repos\tkdgur4427\lsgdengine\lsgdengine\core\hnewdeleteoverride.h(8): warning C5043: 'operator new[]': exception specification does not match previous declaration
  c:\program files (x86)\microsoft visual studio\2017\community\vc\tools\msvc\14.15.26726\include\vcruntime_new.h(82): note: see declaration of 'operator new[]'
c:\users\tkdgu\source\repos\tkdgur4427\lsgdengine\lsgdengine\core\hcstring.h(15): warning C4267: 'return': conversion from 'size_t' to 'uint32', possible loss of data
c:\users\tkdgu\source\repos\tkdgur4427\lsgdengine\lsgdengine\engine\hmath.h(3): fatal error C1083: Cannot open include file: 'SimpleMath.h': No such file or directory
  HLocalPlayer.cpp
c:\users\tkdgu\source\repos\tkdgur4427\lsgdengine\lsgdengine\core\hnewdeleteoverride.h(7): warning C5043: 'operator new': exception specification does not match previous declaration
  c:\program files (x86)\microsoft visual studio\2017\community\vc\tools\msvc\14.15.26726\include\vcruntime_new.h(71): note: see declaration of 'operator new'
c:\users\tkdgu\source\repos\tkdgur4427\lsgdengine\lsgdengine\core\hnewdeleteoverride.h(8): warning C5043: 'operator new[]': exception specification does not match previous declaration
  c:\program files (x86)\microsoft visual studio\2017\community\vc\tools\msvc\14.15.26726\include\vcruntime_new.h(82): note: see declaration of 'operator new[]'
c:\users\tkdgu\source\repos\tkdgur4427\lsgdengine\lsgdengine\core\hcstring.h(15): warning C4267: 'return': conversion from 'size_t' to 'uint32', possible loss of data
c:\users\tkdgu\source\repos\tkdgur4427\lsgdengine\lsgdengine\engine\hmath.h(3): fatal error C1083: Cannot open include file: 'SimpleMath.h': No such file or directory
  HPawn.cpp
c:\users\tkdgu\source\repos\tkdgur4427\lsgdengine\lsgdengine\core\hnewdeleteoverride.h(7): warning C5043: 'operator new': exception specification does not match previous declaration
  c:\program files (x86)\microsoft visual studio\2017\community\vc\tools\msvc\14.15.26726\include\vcruntime_new.h(71): note: see declaration of 'operator new'
c:\users\tkdgu\source\repos\tkdgur4427\lsgdengine\lsgdengine\core\hnewdeleteoverride.h(8): warning C5043: 'operator new[]': exception specification does not match previous declaration
  c:\program files (x86)\microsoft visual studio\2017\community\vc\tools\msvc\14.15.26726\include\vcruntime_new.h(82): note: see declaration of 'operator new[]'
c:\users\tkdgu\source\repos\tkdgur4427\lsgdengine\lsgdengine\core\hcstring.h(15): warning C4267: 'return': conversion from 'size_t' to 'uint32', possible loss of data
c:\users\tkdgu\source\repos\tkdgur4427\lsgdengine\lsgdengine\engine\hmath.h(3): fatal error C1083: Cannot open include file: 'SimpleMath.h': No such file or directory
  HPlatformDeviceMisc.cpp
c:\users\tkdgu\source\repos\tkdgur4427\lsgdengine\lsgdengine\core\hnewdeleteoverride.h(7): warning C5043: 'operator new': exception specification does not match previous declaration
  c:\program files (x86)\microsoft visual studio\2017\community\vc\tools\msvc\14.15.26726\include\vcruntime_new.h(71): note: see declaration of 'operator new'
c:\users\tkdgu\source\repos\tkdgur4427\lsgdengine\lsgdengine\core\hnewdeleteoverride.h(8): warning C5043: 'operator new[]': exception specification does not match previous declaration
  c:\program files (x86)\microsoft visual studio\2017\community\vc\tools\msvc\14.15.26726\include\vcruntime_new.h(82): note: see declaration of 'operator new[]'
c:\users\tkdgu\source\repos\tkdgur4427\lsgdengine\lsgdengine\core\hcstring.h(15): warning C4267: 'return': conversion from 'size_t' to 'uint32', possible loss of data
c:\users\tkdgu\source\repos\tkdgur4427\lsgdengine\lsgdengine\engine\hmath.h(3): fatal error C1083: Cannot open include file: 'SimpleMath.h': No such file or directory
  HPlayer.cpp
c:\users\tkdgu\source\repos\tkdgur4427\lsgdengine\lsgdengine\core\hnewdeleteoverride.h(7): warning C5043: 'operator new': exception specification does not match previous declaration
  c:\program files (x86)\microsoft visual studio\2017\community\vc\tools\msvc\14.15.26726\include\vcruntime_new.h(71): note: see declaration of 'operator new'
c:\users\tkdgu\source\repos\tkdgur4427\lsgdengine\lsgdengine\core\hnewdeleteoverride.h(8): warning C5043: 'operator new[]': exception specification does not match previous declaration
  c:\program files (x86)\microsoft visual studio\2017\community\vc\tools\msvc\14.15.26726\include\vcruntime_new.h(82): note: see declaration of 'operator new[]'
c:\users\tkdgu\source\repos\tkdgur4427\lsgdengine\lsgdengine\core\hcstring.h(15): warning C4267: 'return': conversion from 'size_t' to 'uint32', possible loss of data
c:\users\tkdgu\source\repos\tkdgur4427\lsgdengine\lsgdengine\engine\hmath.h(3): fatal error C1083: Cannot open include file: 'SimpleMath.h': No such file or directory
  HPlayerCameraManager.cpp
c:\users\tkdgu\source\repos\tkdgur4427\lsgdengine\lsgdengine\core\hnewdeleteoverride.h(7): warning C5043: 'operator new': exception specification does not match previous declaration
  c:\program files (x86)\microsoft visual studio\2017\community\vc\tools\msvc\14.15.26726\include\vcruntime_new.h(71): note: see declaration of 'operator new'
c:\users\tkdgu\source\repos\tkdgur4427\lsgdengine\lsgdengine\core\hnewdeleteoverride.h(8): warning C5043: 'operator new[]': exception specification does not match previous declaration
  c:\program files (x86)\microsoft visual studio\2017\community\vc\tools\msvc\14.15.26726\include\vcruntime_new.h(82): note: see declaration of 'operator new[]'
c:\users\tkdgu\source\repos\tkdgur4427\lsgdengine\lsgdengine\core\hcstring.h(15): warning C4267: 'return': conversion from 'size_t' to 'uint32', possible loss of data
c:\users\tkdgu\source\repos\tkdgur4427\lsgdengine\lsgdengine\engine\hmath.h(3): fatal error C1083: Cannot open include file: 'SimpleMath.h': No such file or directory
  HPlayerController.cpp
c:\users\tkdgu\source\repos\tkdgur4427\lsgdengine\lsgdengine\core\hnewdeleteoverride.h(7): warning C5043: 'operator new': exception specification does not match previous declaration
  c:\program files (x86)\microsoft visual studio\2017\community\vc\tools\msvc\14.15.26726\include\vcruntime_new.h(71): note: see declaration of 'operator new'
c:\users\tkdgu\source\repos\tkdgur4427\lsgdengine\lsgdengine\core\hnewdeleteoverride.h(8): warning C5043: 'operator new[]': exception specification does not match previous declaration
  c:\program files (x86)\microsoft visual studio\2017\community\vc\tools\msvc\14.15.26726\include\vcruntime_new.h(82): note: see declaration of 'operator new[]'
c:\users\tkdgu\source\repos\tkdgur4427\lsgdengine\lsgdengine\core\hcstring.h(15): warning C4267: 'return': conversion from 'size_t' to 'uint32', possible loss of data
c:\users\tkdgu\source\repos\tkdgur4427\lsgdengine\lsgdengine\engine\hmath.h(3): fatal error C1083: Cannot open include file: 'SimpleMath.h': No such file or directory
  HPlayerInput.cpp
c:\users\tkdgu\source\repos\tkdgur4427\lsgdengine\lsgdengine\core\hnewdeleteoverride.h(7): warning C5043: 'operator new': exception specification does not match previous declaration
  c:\program files (x86)\microsoft visual studio\2017\community\vc\tools\msvc\14.15.26726\include\vcruntime_new.h(71): note: see declaration of 'operator new'
c:\users\tkdgu\source\repos\tkdgur4427\lsgdengine\lsgdengine\core\hnewdeleteoverride.h(8): warning C5043: 'operator new[]': exception specification does not match previous declaration
  c:\program files (x86)\microsoft visual studio\2017\community\vc\tools\msvc\14.15.26726\include\vcruntime_new.h(82): note: see declaration of 'operator new[]'
c:\users\tkdgu\source\repos\tkdgur4427\lsgdengine\lsgdengine\core\hcstring.h(15): warning C4267: 'return': conversion from 'size_t' to 'uint32', possible loss of data
c:\users\tkdgu\source\repos\tkdgur4427\lsgdengine\lsgdengine\engine\hmath.h(3): fatal error C1083: Cannot open include file: 'SimpleMath.h': No such file or directory
  HPrimitiveComponent.cpp
c:\users\tkdgu\source\repos\tkdgur4427\lsgdengine\lsgdengine\core\hnewdeleteoverride.h(7): warning C5043: 'operator new': exception specification does not match previous declaration
  c:\program files (x86)\microsoft visual studio\2017\community\vc\tools\msvc\14.15.26726\include\vcruntime_new.h(71): note: see declaration of 'operator new'
c:\users\tkdgu\source\repos\tkdgur4427\lsgdengine\lsgdengine\core\hnewdeleteoverride.h(8): warning C5043: 'operator new[]': exception specification does not match previous declaration
  c:\program files (x86)\microsoft visual studio\2017\community\vc\tools\msvc\14.15.26726\include\vcruntime_new.h(82): note: see declaration of 'operator new[]'
c:\users\tkdgu\source\repos\tkdgur4427\lsgdengine\lsgdengine\core\hcstring.h(15): warning C4267: 'return': conversion from 'size_t' to 'uint32', possible loss of data
c:\users\tkdgu\source\repos\tkdgur4427\lsgdengine\lsgdengine\engine\hmath.h(3): fatal error C1083: Cannot open include file: 'SimpleMath.h': No such file or directory
  HRenderingThread.cpp
c:\users\tkdgu\source\repos\tkdgur4427\lsgdengine\lsgdengine\core\hnewdeleteoverride.h(7): warning C5043: 'operator new': exception specification does not match previous declaration
  c:\program files (x86)\microsoft visual studio\2017\community\vc\tools\msvc\14.15.26726\include\vcruntime_new.h(71): note: see declaration of 'operator new'
c:\users\tkdgu\source\repos\tkdgur4427\lsgdengine\lsgdengine\core\hnewdeleteoverride.h(8): warning C5043: 'operator new[]': exception specification does not match previous declaration
  c:\program files (x86)\microsoft visual studio\2017\community\vc\tools\msvc\14.15.26726\include\vcruntime_new.h(82): note: see declaration of 'operator new[]'
c:\users\tkdgu\source\repos\tkdgur4427\lsgdengine\lsgdengine\core\hcstring.h(15): warning C4267: 'return': conversion from 'size_t' to 'uint32', possible loss of data
c:\users\tkdgu\source\repos\tkdgur4427\lsgdengine\lsgdengine\engine\hmath.h(3): fatal error C1083: Cannot open include file: 'SimpleMath.h': No such file or directory
  HRenderResource.cpp
c:\users\tkdgu\source\repos\tkdgur4427\lsgdengine\lsgdengine\core\hnewdeleteoverride.h(7): warning C5043: 'operator new': exception specification does not match previous declaration
  c:\program files (x86)\microsoft visual studio\2017\community\vc\tools\msvc\14.15.26726\include\vcruntime_new.h(71): note: see declaration of 'operator new'
c:\users\tkdgu\source\repos\tkdgur4427\lsgdengine\lsgdengine\core\hnewdeleteoverride.h(8): warning C5043: 'operator new[]': exception specification does not match previous declaration
  c:\program files (x86)\microsoft visual studio\2017\community\vc\tools\msvc\14.15.26726\include\vcruntime_new.h(82): note: see declaration of 'operator new[]'
c:\users\tkdgu\source\repos\tkdgur4427\lsgdengine\lsgdengine\core\hcstring.h(15): warning C4267: 'return': conversion from 'size_t' to 'uint32', possible loss of data
c:\users\tkdgu\source\repos\tkdgur4427\lsgdengine\lsgdengine\engine\hmath.h(3): fatal error C1083: Cannot open include file: 'SimpleMath.h': No such file or directory
  HRHICommon.cpp
c:\users\tkdgu\source\repos\tkdgur4427\lsgdengine\lsgdengine\core\hnewdeleteoverride.h(7): warning C5043: 'operator new': exception specification does not match previous declaration
  c:\program files (x86)\microsoft visual studio\2017\community\vc\tools\msvc\14.15.26726\include\vcruntime_new.h(71): note: see declaration of 'operator new'
c:\users\tkdgu\source\repos\tkdgur4427\lsgdengine\lsgdengine\core\hnewdeleteoverride.h(8): warning C5043: 'operator new[]': exception specification does not match previous declaration
  c:\program files (x86)\microsoft visual studio\2017\community\vc\tools\msvc\14.15.26726\include\vcruntime_new.h(82): note: see declaration of 'operator new[]'
c:\users\tkdgu\source\repos\tkdgur4427\lsgdengine\lsgdengine\core\hcstring.h(15): warning C4267: 'return': conversion from 'size_t' to 'uint32', possible loss of data
c:\users\tkdgu\source\repos\tkdgur4427\lsgdengine\lsgdengine\engine\hmath.h(3): fatal error C1083: Cannot open include file: 'SimpleMath.h': No such file or directory
  HRHIResource.cpp
